D:\GITHUB\SGA43_2D_CHOI\MAINWINDOW\DEBUG\MAINWINDOW.EXE.EMBED.MANIFEST
D:\GITHUB\SGA43_2D_CHOI\MAINWINDOW\DEBUG\MAINWINDOW.EXE.EMBED.MANIFEST.RES
D:\GITHUB\SGA43_2D_CHOI\MAINWINDOW\DEBUG\MAINWINDOW.EXE.INTERMEDIATE.MANIFEST
D:\GITHUB\SGA43_2D_CHOI\MAINWINDOW\DEBUG\VC100.PDB
D:\GITHUB\SGA43_2D_CHOI\MAINWINDOW\DEBUG\WINMAIN.OBJ
D:\GITHUB\SGA43_2D_CHOI\POPOL\DEBUG\MAINWINDOW.EXE
D:\GITHUB\SGA43_2D_CHOI\POPOL\DEBUG\MAINWINDOW.ILK
D:\GITHUB\SGA43_2D_CHOI\POPOL\DEBUG\MAINWINDOW.PDB
D:\GitHub\SGA43_2D_Choi\Popol\MainWindow\Debug\cl.command.1.tlog
D:\GitHub\SGA43_2D_Choi\Popol\MainWindow\Debug\CL.read.1.tlog
D:\GitHub\SGA43_2D_Choi\Popol\MainWindow\Debug\CL.write.1.tlog
D:\GitHub\SGA43_2D_Choi\Popol\MainWindow\Debug\link.7760.read.1.tlog
D:\GitHub\SGA43_2D_Choi\Popol\MainWindow\Debug\link.7760.write.1.tlog
D:\GitHub\SGA43_2D_Choi\Popol\MainWindow\Debug\link.7760-cvtres.read.1.tlog
D:\GitHub\SGA43_2D_Choi\Popol\MainWindow\Debug\link.7760-cvtres.write.1.tlog
D:\GitHub\SGA43_2D_Choi\Popol\MainWindow\Debug\link.command.1.tlog
D:\GitHub\SGA43_2D_Choi\Popol\MainWindow\Debug\link.read.1.tlog
D:\GitHub\SGA43_2D_Choi\Popol\MainWindow\Debug\link.write.1.tlog
D:\GitHub\SGA43_2D_Choi\Popol\MainWindow\Debug\link-cvtres.read.1.tlog
D:\GitHub\SGA43_2D_Choi\Popol\MainWindow\Debug\link-cvtres.write.1.tlog
D:\GitHub\SGA43_2D_Choi\Popol\MainWindow\Debug\MainWindow.exe.embed.manifest
D:\GitHub\SGA43_2D_Choi\Popol\MainWindow\Debug\MainWindow.exe.embed.manifest.res
D:\GitHub\SGA43_2D_Choi\Popol\MainWindow\Debug\MainWindow.exe.intermediate.manifest
D:\GitHub\SGA43_2D_Choi\Popol\MainWindow\Debug\MainWindow.write.1.tlog
D:\GitHub\SGA43_2D_Choi\Popol\MainWindow\Debug\MainWindow_manifest.rc
D:\GitHub\SGA43_2D_Choi\Popol\MainWindow\Debug\mt.command.1.tlog
D:\GitHub\SGA43_2D_Choi\Popol\MainWindow\Debug\mt.read.1.tlog
D:\GitHub\SGA43_2D_Choi\Popol\MainWindow\Debug\mt.write.1.tlog
D:\GitHub\SGA43_2D_Choi\Popol\MainWindow\Debug\rc.command.1.tlog
D:\GitHub\SGA43_2D_Choi\Popol\MainWindow\Debug\rc.read.1.tlog
D:\GitHub\SGA43_2D_Choi\Popol\MainWindow\Debug\rc.write.1.tlog
D:\GitHub\SGA43_2D_Choi\Popol\MainWindow\Debug\vc100.idb
D:\GitHub\SGA43_2D_Choi\Popol\MainWindow\Debug\vc100.pdb
D:\GitHub\SGA43_2D_Choi\Popol\MainWindow\Debug\winmain.obj
