D:\GITHUB\SGA43_2D_CHOI\POPOL\DEBUG\POPOL.EXE
D:\GITHUB\SGA43_2D_CHOI\POPOL\DEBUG\POPOL.ILK
D:\GITHUB\SGA43_2D_CHOI\POPOL\DEBUG\POPOL.PDB
D:\GitHub\SGA43_2D_Choi\Popol\Popol\Debug\cl.command.1.tlog
D:\GitHub\SGA43_2D_Choi\Popol\Popol\Debug\CL.read.1.tlog
D:\GitHub\SGA43_2D_Choi\Popol\Popol\Debug\CL.write.1.tlog
D:\GitHub\SGA43_2D_Choi\Popol\Popol\Debug\link.1132.read.1.tlog
D:\GitHub\SGA43_2D_Choi\Popol\Popol\Debug\link.1132.write.1.tlog
D:\GitHub\SGA43_2D_Choi\Popol\Popol\Debug\link.1132-cvtres.read.1.tlog
D:\GitHub\SGA43_2D_Choi\Popol\Popol\Debug\link.1132-cvtres.write.1.tlog
D:\GitHub\SGA43_2D_Choi\Popol\Popol\Debug\link.1880.read.1.tlog
D:\GitHub\SGA43_2D_Choi\Popol\Popol\Debug\link.1880.write.1.tlog
D:\GitHub\SGA43_2D_Choi\Popol\Popol\Debug\link.1880-cvtres.read.1.tlog
D:\GitHub\SGA43_2D_Choi\Popol\Popol\Debug\link.1880-cvtres.write.1.tlog
D:\GitHub\SGA43_2D_Choi\Popol\Popol\Debug\link.2356.read.1.tlog
D:\GitHub\SGA43_2D_Choi\Popol\Popol\Debug\link.2356.write.1.tlog
D:\GitHub\SGA43_2D_Choi\Popol\Popol\Debug\link.2356-cvtres.read.1.tlog
D:\GitHub\SGA43_2D_Choi\Popol\Popol\Debug\link.2356-cvtres.write.1.tlog
D:\GitHub\SGA43_2D_Choi\Popol\Popol\Debug\link.2640.read.1.tlog
D:\GitHub\SGA43_2D_Choi\Popol\Popol\Debug\link.2640.write.1.tlog
D:\GitHub\SGA43_2D_Choi\Popol\Popol\Debug\link.2640-cvtres.read.1.tlog
D:\GitHub\SGA43_2D_Choi\Popol\Popol\Debug\link.2640-cvtres.write.1.tlog
D:\GitHub\SGA43_2D_Choi\Popol\Popol\Debug\link.3532.read.1.tlog
D:\GitHub\SGA43_2D_Choi\Popol\Popol\Debug\link.3532.write.1.tlog
D:\GitHub\SGA43_2D_Choi\Popol\Popol\Debug\link.3532-cvtres.read.1.tlog
D:\GitHub\SGA43_2D_Choi\Popol\Popol\Debug\link.3532-cvtres.write.1.tlog
D:\GitHub\SGA43_2D_Choi\Popol\Popol\Debug\link.4832.read.1.tlog
D:\GitHub\SGA43_2D_Choi\Popol\Popol\Debug\link.4832.write.1.tlog
D:\GitHub\SGA43_2D_Choi\Popol\Popol\Debug\link.4832-cvtres.read.1.tlog
D:\GitHub\SGA43_2D_Choi\Popol\Popol\Debug\link.4832-cvtres.write.1.tlog
D:\GitHub\SGA43_2D_Choi\Popol\Popol\Debug\link.4860.read.1.tlog
D:\GitHub\SGA43_2D_Choi\Popol\Popol\Debug\link.4860.write.1.tlog
D:\GitHub\SGA43_2D_Choi\Popol\Popol\Debug\link.4860-cvtres.read.1.tlog
D:\GitHub\SGA43_2D_Choi\Popol\Popol\Debug\link.4860-cvtres.write.1.tlog
D:\GitHub\SGA43_2D_Choi\Popol\Popol\Debug\link.5140.read.1.tlog
D:\GitHub\SGA43_2D_Choi\Popol\Popol\Debug\link.5140.write.1.tlog
D:\GitHub\SGA43_2D_Choi\Popol\Popol\Debug\link.5140-cvtres.read.1.tlog
D:\GitHub\SGA43_2D_Choi\Popol\Popol\Debug\link.5140-cvtres.write.1.tlog
D:\GitHub\SGA43_2D_Choi\Popol\Popol\Debug\link.5328.read.1.tlog
D:\GitHub\SGA43_2D_Choi\Popol\Popol\Debug\link.5328.write.1.tlog
D:\GitHub\SGA43_2D_Choi\Popol\Popol\Debug\link.5328-cvtres.read.1.tlog
D:\GitHub\SGA43_2D_Choi\Popol\Popol\Debug\link.5328-cvtres.write.1.tlog
D:\GitHub\SGA43_2D_Choi\Popol\Popol\Debug\link.5752.read.1.tlog
D:\GitHub\SGA43_2D_Choi\Popol\Popol\Debug\link.5752.write.1.tlog
D:\GitHub\SGA43_2D_Choi\Popol\Popol\Debug\link.5752-cvtres.read.1.tlog
D:\GitHub\SGA43_2D_Choi\Popol\Popol\Debug\link.5752-cvtres.write.1.tlog
D:\GitHub\SGA43_2D_Choi\Popol\Popol\Debug\link.5820.read.1.tlog
D:\GitHub\SGA43_2D_Choi\Popol\Popol\Debug\link.5820.write.1.tlog
D:\GitHub\SGA43_2D_Choi\Popol\Popol\Debug\link.5820-cvtres.read.1.tlog
D:\GitHub\SGA43_2D_Choi\Popol\Popol\Debug\link.5820-cvtres.write.1.tlog
D:\GitHub\SGA43_2D_Choi\Popol\Popol\Debug\link.6008.read.1.tlog
D:\GitHub\SGA43_2D_Choi\Popol\Popol\Debug\link.6008.write.1.tlog
D:\GitHub\SGA43_2D_Choi\Popol\Popol\Debug\link.6008-cvtres.read.1.tlog
D:\GitHub\SGA43_2D_Choi\Popol\Popol\Debug\link.6008-cvtres.write.1.tlog
D:\GitHub\SGA43_2D_Choi\Popol\Popol\Debug\link.6244.read.1.tlog
D:\GitHub\SGA43_2D_Choi\Popol\Popol\Debug\link.6244.write.1.tlog
D:\GitHub\SGA43_2D_Choi\Popol\Popol\Debug\link.6244-cvtres.read.1.tlog
D:\GitHub\SGA43_2D_Choi\Popol\Popol\Debug\link.6244-cvtres.write.1.tlog
D:\GitHub\SGA43_2D_Choi\Popol\Popol\Debug\link.6252.read.1.tlog
D:\GitHub\SGA43_2D_Choi\Popol\Popol\Debug\link.6252.write.1.tlog
D:\GitHub\SGA43_2D_Choi\Popol\Popol\Debug\link.6252-cvtres.read.1.tlog
D:\GitHub\SGA43_2D_Choi\Popol\Popol\Debug\link.6252-cvtres.write.1.tlog
D:\GitHub\SGA43_2D_Choi\Popol\Popol\Debug\link.6260.read.1.tlog
D:\GitHub\SGA43_2D_Choi\Popol\Popol\Debug\link.6260.write.1.tlog
D:\GitHub\SGA43_2D_Choi\Popol\Popol\Debug\link.6260-cvtres.read.1.tlog
D:\GitHub\SGA43_2D_Choi\Popol\Popol\Debug\link.6260-cvtres.write.1.tlog
D:\GitHub\SGA43_2D_Choi\Popol\Popol\Debug\link.6584.read.1.tlog
D:\GitHub\SGA43_2D_Choi\Popol\Popol\Debug\link.6584.write.1.tlog
D:\GitHub\SGA43_2D_Choi\Popol\Popol\Debug\link.6584-cvtres.read.1.tlog
D:\GitHub\SGA43_2D_Choi\Popol\Popol\Debug\link.6584-cvtres.write.1.tlog
D:\GitHub\SGA43_2D_Choi\Popol\Popol\Debug\link.6832.read.1.tlog
D:\GitHub\SGA43_2D_Choi\Popol\Popol\Debug\link.6832.write.1.tlog
D:\GitHub\SGA43_2D_Choi\Popol\Popol\Debug\link.6832-cvtres.read.1.tlog
D:\GitHub\SGA43_2D_Choi\Popol\Popol\Debug\link.6832-cvtres.write.1.tlog
D:\GitHub\SGA43_2D_Choi\Popol\Popol\Debug\link.7064.read.1.tlog
D:\GitHub\SGA43_2D_Choi\Popol\Popol\Debug\link.7064.write.1.tlog
D:\GitHub\SGA43_2D_Choi\Popol\Popol\Debug\link.7064-cvtres.read.1.tlog
D:\GitHub\SGA43_2D_Choi\Popol\Popol\Debug\link.7064-cvtres.write.1.tlog
D:\GitHub\SGA43_2D_Choi\Popol\Popol\Debug\link.7292.read.1.tlog
D:\GitHub\SGA43_2D_Choi\Popol\Popol\Debug\link.7292.write.1.tlog
D:\GitHub\SGA43_2D_Choi\Popol\Popol\Debug\link.7292-cvtres.read.1.tlog
D:\GitHub\SGA43_2D_Choi\Popol\Popol\Debug\link.7292-cvtres.write.1.tlog
D:\GitHub\SGA43_2D_Choi\Popol\Popol\Debug\link.7684.read.1.tlog
D:\GitHub\SGA43_2D_Choi\Popol\Popol\Debug\link.7684.write.1.tlog
D:\GitHub\SGA43_2D_Choi\Popol\Popol\Debug\link.7684-cvtres.read.1.tlog
D:\GitHub\SGA43_2D_Choi\Popol\Popol\Debug\link.7684-cvtres.write.1.tlog
D:\GitHub\SGA43_2D_Choi\Popol\Popol\Debug\link.9108.read.1.tlog
D:\GitHub\SGA43_2D_Choi\Popol\Popol\Debug\link.9108.write.1.tlog
D:\GitHub\SGA43_2D_Choi\Popol\Popol\Debug\link.9108-cvtres.read.1.tlog
D:\GitHub\SGA43_2D_Choi\Popol\Popol\Debug\link.9108-cvtres.write.1.tlog
D:\GitHub\SGA43_2D_Choi\Popol\Popol\Debug\link.command.1.tlog
D:\GitHub\SGA43_2D_Choi\Popol\Popol\Debug\link.read.1.tlog
D:\GitHub\SGA43_2D_Choi\Popol\Popol\Debug\link.write.1.tlog
D:\GitHub\SGA43_2D_Choi\Popol\Popol\Debug\link-cvtres.read.1.tlog
D:\GitHub\SGA43_2D_Choi\Popol\Popol\Debug\link-cvtres.write.1.tlog
D:\GitHub\SGA43_2D_Choi\Popol\Popol\Debug\mt.command.1.tlog
D:\GitHub\SGA43_2D_Choi\Popol\Popol\Debug\mt.read.1.tlog
D:\GitHub\SGA43_2D_Choi\Popol\Popol\Debug\mt.write.1.tlog
D:\GITHUB\SGA43_2D_CHOI\POPOL\POPOL\DEBUG\POPOL.EXE.EMBED.MANIFEST
D:\GITHUB\SGA43_2D_CHOI\POPOL\POPOL\DEBUG\POPOL.EXE.EMBED.MANIFEST.RES
D:\GITHUB\SGA43_2D_CHOI\POPOL\POPOL\DEBUG\POPOL.EXE.INTERMEDIATE.MANIFEST
D:\GitHub\SGA43_2D_Choi\Popol\Popol\Debug\Popol.vcxprojResolveAssemblyReference.cache
D:\GitHub\SGA43_2D_Choi\Popol\Popol\Debug\Popol.write.1.tlog
D:\GitHub\SGA43_2D_Choi\Popol\Popol\Debug\Popol_manifest.rc
D:\GitHub\SGA43_2D_Choi\Popol\Popol\Debug\rc.command.1.tlog
D:\GitHub\SGA43_2D_Choi\Popol\Popol\Debug\rc.read.1.tlog
D:\GitHub\SGA43_2D_Choi\Popol\Popol\Debug\rc.write.1.tlog
D:\GitHub\SGA43_2D_Choi\Popol\Popol\Debug\vc100.idb
D:\GITHUB\SGA43_2D_CHOI\POPOL\POPOL\DEBUG\VC100.PDB
D:\GITHUB\SGA43_2D_CHOI\POPOL\POPOL\DEBUG\WINMAIN.OBJ
